{"body":{},"desc":"Status 200 Successful","level":"info","msg":{"createdAt":"2021-12-21T02:20:35.000Z","email":"kyle@deinstruct.com","id":"fcc9a346-d072-43ca-bf0c-e385238eb15b","name":"Kyle Tranel","permissionId":2,"statusId":1},"params":{},"query":{},"time":"2022-05-04T01:22:56.856Z","url":"/api/auth/web-login-check","user":"fcc9a346-d072-43ca-bf0c-e385238eb15b"}
{"body":{},"desc":"Status 200 Successful","level":"info","msg":{"createdAt":"2021-12-21T02:20:35.000Z","email":"kyle@deinstruct.com","id":"fcc9a346-d072-43ca-bf0c-e385238eb15b","name":"Kyle Tranel","permissionId":2,"statusId":1},"params":{},"query":{},"time":"2022-05-04T01:22:57.580Z","url":"/api/user/","user":"fcc9a346-d072-43ca-bf0c-e385238eb15b"}
{"body":{},"desc":"Status 200 Successful","level":"info","msg":[],"params":{},"query":{},"time":"2022-05-04T01:23:13.945Z","url":"/api/admin/courses/list","user":"fcc9a346-d072-43ca-bf0c-e385238eb15b"}
{"body":{"alt":"dfg","name":"dune"},"desc":"Status 200 Successful","level":"info","msg":[],"params":{},"query":{},"time":"2022-05-04T01:44:38.308Z","url":"/api/admin/images/new","user":"fcc9a346-d072-43ca-bf0c-e385238eb15b"}
{"body":{"alt":"dfg","name":"dune"},"desc":"Status 200 Successful","level":"info","msg":[],"params":{},"query":{},"time":"2022-05-04T01:52:20.703Z","url":"/api/admin/images/new","user":"fcc9a346-d072-43ca-bf0c-e385238eb15b"}
{"body":{"alt":"dfg","name":"dune"},"desc":"Status 200 Successful","level":"info","msg":[],"params":{},"query":{},"time":"2022-05-04T01:53:36.437Z","url":"/api/admin/images/new","user":"fcc9a346-d072-43ca-bf0c-e385238eb15b"}
{"body":{"alt":"dfg","name":"dune"},"desc":"Status 200 Successful","level":"info","msg":[],"params":{},"query":{},"time":"2022-05-04T01:54:10.546Z","url":"/api/admin/images/new","user":"fcc9a346-d072-43ca-bf0c-e385238eb15b"}
{"body":{"alt":"dfg","name":"test"},"desc":"Status 200 Successful","level":"info","msg":[],"params":{},"query":{},"time":"2022-05-04T01:54:36.769Z","url":"/api/admin/images/new","user":"fcc9a346-d072-43ca-bf0c-e385238eb15b"}
{"body":{"email":"Carolyne.Mante32@gmail.com"},"desc":"Status 200 Successful","level":"info","msg":"e1a7900a-a484-4291-9253-62bde112814c","params":{},"query":{},"time":"2022-05-04T02:15:09.149Z","url":"/api/auth/web-login","user":"e1a7900a-a484-4291-9253-62bde112814c"}
{"body":{"email":"Oren_Gusikowski@hotmail.com"},"desc":"Status 200 Successful","level":"info","msg":"af3299bf-7570-495e-ab04-53925ab36554","params":{},"query":{},"time":"2022-05-04T02:21:00.743Z","url":"/api/auth/web-login","user":"af3299bf-7570-495e-ab04-53925ab36554"}
{"body":{"email":"Arlene36@gmail.com"},"desc":"Status 200 Successful","level":"info","msg":"5f53e843-bd20-4c38-a01f-e440be984435","params":{},"query":{},"time":"2022-05-04T02:21:39.917Z","url":"/api/auth/web-login","user":"5f53e843-bd20-4c38-a01f-e440be984435"}
{"body":{"email":"Alexzander66@yahoo.com"},"desc":"Status 200 Successful","level":"info","msg":"e9f2cfb1-8068-4457-ba64-262ee791b1a0","params":{},"query":{},"time":"2022-05-04T02:22:54.792Z","url":"/api/auth/web-login","user":"e9f2cfb1-8068-4457-ba64-262ee791b1a0"}
{"body":{"alt":"testAlt","name":"testName"},"desc":"Status 200 Successful","level":"info","msg":[],"params":{},"query":{},"time":"2022-05-04T02:22:54.855Z","url":"/api/admin/images/new","user":"e9f2cfb1-8068-4457-ba64-262ee791b1a0"}
{"body":{"email":"Monica_Kerluke@hotmail.com"},"desc":"Status 200 Successful","level":"info","msg":"3e39d06b-2395-4af2-b44a-9f3fe410c825","params":{},"query":{},"time":"2022-05-04T02:30:53.838Z","url":"/api/auth/web-login","user":"3e39d06b-2395-4af2-b44a-9f3fe410c825"}
{"body":{"alt":"testAlt","name":"testName"},"desc":"Status 200 Successful","level":"info","msg":{"alt":"testAlt","id":2,"name":"testName","url":"https://deinstruct-v3.s3.us-east-2.amazonaws.com/testName-1651631453930.jpeg"},"params":{},"query":{},"time":"2022-05-04T02:30:53.924Z","url":"/api/admin/images/new","user":"3e39d06b-2395-4af2-b44a-9f3fe410c825"}
{"body":{"email":"Joesph.Willms51@gmail.com"},"desc":"Status 200 Successful","level":"info","msg":"85d030d2-741e-4c90-9458-b85f5490d582","params":{},"query":{},"time":"2022-05-04T02:31:48.416Z","url":"/api/auth/web-login","user":"85d030d2-741e-4c90-9458-b85f5490d582"}
{"body":{"alt":"testAlt","name":"testName"},"desc":"Status 200 Successful","level":"info","msg":{"alt":"testAlt","id":1,"name":"testName","url":"https://deinstruct-v3.s3.us-east-2.amazonaws.com/testName-1651631508501.jpeg"},"params":{},"query":{},"time":"2022-05-04T02:31:48.496Z","url":"/api/admin/images/new","user":"85d030d2-741e-4c90-9458-b85f5490d582"}
{"body":{"email":"Ines23@gmail.com"},"desc":"Status 200 Successful","level":"info","msg":"10277109-1f0a-4d76-b802-1a038063ff59","params":{},"query":{},"time":"2022-05-04T02:33:01.575Z","url":"/api/auth/web-login","user":"10277109-1f0a-4d76-b802-1a038063ff59"}
{"body":{"alt":"testAlt","name":"testName"},"desc":"Status 200 Successful","level":"info","msg":{"alt":"testAlt","id":1,"name":"testName","url":"https://deinstruct-v3.s3.us-east-2.amazonaws.com/testName-1651631581668.jpeg"},"params":{},"query":{},"time":"2022-05-04T02:33:01.664Z","url":"/api/admin/images/new","user":"10277109-1f0a-4d76-b802-1a038063ff59"}
{"body":{},"desc":"Status 200 Successful","level":"info","msg":"","params":{},"query":{},"time":"2022-05-04T02:51:44.175Z","url":"/api/auth/web-login-check"}
{"body":{},"desc":"Status 200 Successful","level":"info","msg":"","params":{},"query":{},"time":"2022-05-04T02:52:04.884Z","url":"/api/auth/web-login-check"}
{"body":{},"desc":"Status 200 Successful","level":"info","msg":"","params":{},"query":{},"time":"2022-05-04T02:53:25.848Z","url":"/api/auth/web-login-check"}
{"body":{},"desc":"Status 200 Successful","level":"info","msg":"","params":{},"query":{},"time":"2022-05-04T02:54:12.949Z","url":"/api/auth/web-login-check"}
{"body":{},"desc":"Status 200 Successful","level":"info","msg":"","params":{},"query":{},"time":"2022-05-04T02:54:20.645Z","url":"/api/auth/web-login-check"}
{"body":{},"desc":"Status 200 Successful","level":"info","msg":"","params":{},"query":{},"time":"2022-05-04T02:55:41.399Z","url":"/api/auth/web-login-check"}
{"body":{},"desc":"Status 200 Successful","level":"info","msg":"","params":{},"query":{},"time":"2022-05-04T02:56:25.604Z","url":"/api/auth/web-login-check"}
{"body":{},"desc":"Status 200 Successful","level":"info","msg":"","params":{},"query":{},"time":"2022-05-04T03:01:59.952Z","url":"/api/auth/web-login-check"}
{"body":{"email":"kyle@deinstruct.com"},"desc":"Status 200 Successful","level":"info","msg":"fcc9a346-d072-43ca-bf0c-e385238eb15b","params":{},"query":{},"time":"2022-05-04T03:02:10.379Z","url":"/api/auth/web-login","user":"fcc9a346-d072-43ca-bf0c-e385238eb15b"}
{"body":{},"desc":"Status 200 Successful","level":"info","msg":{"createdAt":"2021-12-21T02:20:35.000Z","email":"kyle@deinstruct.com","id":"fcc9a346-d072-43ca-bf0c-e385238eb15b","name":"Kyle Tranel","permissionId":2,"statusId":1},"params":{},"query":{},"time":"2022-05-04T03:02:10.410Z","url":"/api/user/","user":"fcc9a346-d072-43ca-bf0c-e385238eb15b"}
{"body":{},"desc":"Status 200 Successful","level":"info","msg":[],"params":{},"query":{},"time":"2022-05-04T03:02:13.179Z","url":"/api/admin/courses/list","user":"fcc9a346-d072-43ca-bf0c-e385238eb15b"}
{"body":{},"desc":"Status 200 Successful","level":"info","msg":{"createdAt":"2021-12-21T02:20:35.000Z","email":"kyle@deinstruct.com","id":"fcc9a346-d072-43ca-bf0c-e385238eb15b","name":"Kyle Tranel","permissionId":2,"statusId":1},"params":{},"query":{},"time":"2022-05-04T03:24:47.510Z","url":"/api/auth/web-login-check","user":"fcc9a346-d072-43ca-bf0c-e385238eb15b"}
{"body":{},"desc":"Status 200 Successful","level":"info","msg":{"createdAt":"2021-12-21T02:20:35.000Z","email":"kyle@deinstruct.com","id":"fcc9a346-d072-43ca-bf0c-e385238eb15b","name":"Kyle Tranel","permissionId":2,"statusId":1},"params":{},"query":{},"time":"2022-05-04T03:24:48.105Z","url":"/api/user/","user":"fcc9a346-d072-43ca-bf0c-e385238eb15b"}
{"body":{},"desc":"Status 200 Successful","level":"info","msg":[],"params":{},"query":{},"time":"2022-05-04T03:24:50.798Z","url":"/api/admin/courses/list","user":"fcc9a346-d072-43ca-bf0c-e385238eb15b"}
{"body":{},"desc":"Status 200 Successful","level":"info","msg":{"createdAt":"2021-12-21T02:20:35.000Z","email":"kyle@deinstruct.com","id":"fcc9a346-d072-43ca-bf0c-e385238eb15b","name":"Kyle Tranel","permissionId":2,"statusId":1},"params":{},"query":{},"time":"2022-05-04T04:16:56.011Z","url":"/api/auth/web-login-check","user":"fcc9a346-d072-43ca-bf0c-e385238eb15b"}
{"body":{},"desc":"Status 200 Successful","level":"info","msg":{"createdAt":"2021-12-21T02:20:35.000Z","email":"kyle@deinstruct.com","id":"fcc9a346-d072-43ca-bf0c-e385238eb15b","name":"Kyle Tranel","permissionId":2,"statusId":1},"params":{},"query":{},"time":"2022-05-04T04:16:56.359Z","url":"/api/user/","user":"fcc9a346-d072-43ca-bf0c-e385238eb15b"}
{"body":{},"desc":"Status 200 Successful","level":"info","msg":[],"params":{},"query":{},"time":"2022-05-04T04:17:03.565Z","url":"/api/admin/courses/list","user":"fcc9a346-d072-43ca-bf0c-e385238eb15b"}
{"body":{},"desc":"Status 200 Successful","level":"info","msg":{"createdAt":"2021-12-21T02:20:35.000Z","email":"kyle@deinstruct.com","id":"fcc9a346-d072-43ca-bf0c-e385238eb15b","name":"Kyle Tranel","permissionId":2,"statusId":1},"params":{},"query":{},"time":"2022-05-04T04:18:09.840Z","url":"/api/auth/web-login-check","user":"fcc9a346-d072-43ca-bf0c-e385238eb15b"}
{"body":{},"desc":"Status 200 Successful","level":"info","msg":{"createdAt":"2021-12-21T02:20:35.000Z","email":"kyle@deinstruct.com","id":"fcc9a346-d072-43ca-bf0c-e385238eb15b","name":"Kyle Tranel","permissionId":2,"statusId":1},"params":{},"query":{},"time":"2022-05-04T04:18:10.219Z","url":"/api/user/","user":"fcc9a346-d072-43ca-bf0c-e385238eb15b"}
{"body":{},"desc":"Status 200 Successful","level":"info","msg":[],"params":{},"query":{},"time":"2022-05-04T04:18:12.406Z","url":"/api/admin/courses/list","user":"fcc9a346-d072-43ca-bf0c-e385238eb15b"}
