{"body":{},"desc":"Status 200 Successful","level":"info","msg":{"createdAt":"2021-12-21T02:20:35.000Z","email":"kyle@deinstruct.com","id":"fcc9a346-d072-43ca-bf0c-e385238eb15b","name":"Kyle Tranel","permissionId":2,"statusId":1},"params":{},"query":{},"time":"2022-04-29T11:07:44.920Z","url":"/api/auth/web-login-check","user":"fcc9a346-d072-43ca-bf0c-e385238eb15b"}
{"body":{},"desc":"Status 200 Successful","level":"info","msg":{"createdAt":"2021-12-21T02:20:35.000Z","email":"kyle@deinstruct.com","id":"fcc9a346-d072-43ca-bf0c-e385238eb15b","name":"Kyle Tranel","permissionId":2,"statusId":1},"params":{},"query":{},"time":"2022-04-29T11:07:45.298Z","url":"/api/user/","user":"fcc9a346-d072-43ca-bf0c-e385238eb15b"}
{"body":{},"desc":"Status 200 Successful","level":"info","msg":[],"params":{},"query":{},"time":"2022-04-29T11:07:48.430Z","url":"/api/admin/courses/list","user":"fcc9a346-d072-43ca-bf0c-e385238eb15b"}
{"body":{},"desc":"Status 200 Successful","level":"info","msg":{"createdAt":"2021-12-21T02:20:35.000Z","email":"kyle@deinstruct.com","id":"fcc9a346-d072-43ca-bf0c-e385238eb15b","name":"Kyle Tranel","permissionId":2,"statusId":1},"params":{},"query":{},"time":"2022-04-29T11:40:44.748Z","url":"/api/auth/web-login-check","user":"fcc9a346-d072-43ca-bf0c-e385238eb15b"}
{"body":{},"desc":"Status 200 Successful","level":"info","msg":{"createdAt":"2021-12-21T02:20:35.000Z","email":"kyle@deinstruct.com","id":"fcc9a346-d072-43ca-bf0c-e385238eb15b","name":"Kyle Tranel","permissionId":2,"statusId":1},"params":{},"query":{},"time":"2022-04-29T11:40:45.103Z","url":"/api/user/","user":"fcc9a346-d072-43ca-bf0c-e385238eb15b"}
{"body":{},"desc":"Status 200 Successful","level":"info","msg":[],"params":{},"query":{},"time":"2022-04-29T11:40:48.760Z","url":"/api/admin/courses/list","user":"fcc9a346-d072-43ca-bf0c-e385238eb15b"}
{"body":{},"desc":"Status 200 Successful","level":"info","msg":{"createdAt":"2021-12-21T02:20:35.000Z","email":"kyle@deinstruct.com","id":"fcc9a346-d072-43ca-bf0c-e385238eb15b","name":"Kyle Tranel","permissionId":2,"statusId":1},"params":{},"query":{},"time":"2022-04-29T11:44:46.225Z","url":"/api/auth/web-login-check","user":"fcc9a346-d072-43ca-bf0c-e385238eb15b"}
{"body":{},"desc":"Status 200 Successful","level":"info","msg":{"createdAt":"2021-12-21T02:20:35.000Z","email":"kyle@deinstruct.com","id":"fcc9a346-d072-43ca-bf0c-e385238eb15b","name":"Kyle Tranel","permissionId":2,"statusId":1},"params":{},"query":{},"time":"2022-04-29T11:44:46.592Z","url":"/api/user/","user":"fcc9a346-d072-43ca-bf0c-e385238eb15b"}
{"body":{},"desc":"Status 200 Successful","level":"info","msg":[],"params":{},"query":{},"time":"2022-04-29T11:44:53.311Z","url":"/api/admin/courses/list","user":"fcc9a346-d072-43ca-bf0c-e385238eb15b"}
{"body":{},"desc":"Status 200 Successful","level":"info","msg":{"createdAt":"2021-12-21T02:20:35.000Z","email":"kyle@deinstruct.com","id":"fcc9a346-d072-43ca-bf0c-e385238eb15b","name":"Kyle Tranel","permissionId":2,"statusId":1},"params":{},"query":{},"time":"2022-04-29T14:15:51.272Z","url":"/api/auth/web-login-check","user":"fcc9a346-d072-43ca-bf0c-e385238eb15b"}
{"body":{},"desc":"Status 200 Successful","level":"info","msg":{"createdAt":"2021-12-21T02:20:35.000Z","email":"kyle@deinstruct.com","id":"fcc9a346-d072-43ca-bf0c-e385238eb15b","name":"Kyle Tranel","permissionId":2,"statusId":1},"params":{},"query":{},"time":"2022-04-29T14:15:51.448Z","url":"/api/user/","user":"fcc9a346-d072-43ca-bf0c-e385238eb15b"}
{"body":{},"desc":"Status 200 Successful","level":"info","msg":{"createdAt":"2021-12-21T02:20:35.000Z","email":"kyle@deinstruct.com","id":"fcc9a346-d072-43ca-bf0c-e385238eb15b","name":"Kyle Tranel","permissionId":2,"statusId":1},"params":{},"query":{},"time":"2022-04-29T14:25:10.917Z","url":"/api/auth/web-login-check","user":"fcc9a346-d072-43ca-bf0c-e385238eb15b"}
{"body":{},"desc":"Status 200 Successful","level":"info","msg":{"createdAt":"2021-12-21T02:20:35.000Z","email":"kyle@deinstruct.com","id":"fcc9a346-d072-43ca-bf0c-e385238eb15b","name":"Kyle Tranel","permissionId":2,"statusId":1},"params":{},"query":{},"time":"2022-04-29T14:25:11.315Z","url":"/api/user/","user":"fcc9a346-d072-43ca-bf0c-e385238eb15b"}
{"body":{},"desc":"Status 200 Successful","level":"info","msg":[],"params":{},"query":{},"time":"2022-04-29T14:25:12.638Z","url":"/api/admin/courses/list","user":"fcc9a346-d072-43ca-bf0c-e385238eb15b"}
{"body":{},"desc":"Status 200 Successful","level":"info","msg":{"createdAt":"2021-12-21T02:20:35.000Z","email":"kyle@deinstruct.com","id":"fcc9a346-d072-43ca-bf0c-e385238eb15b","name":"Kyle Tranel","permissionId":2,"statusId":1},"params":{},"query":{},"time":"2022-04-29T14:26:53.651Z","url":"/api/auth/web-login-check","user":"fcc9a346-d072-43ca-bf0c-e385238eb15b"}
{"body":{},"desc":"Status 200 Successful","level":"info","msg":{"createdAt":"2021-12-21T02:20:35.000Z","email":"kyle@deinstruct.com","id":"fcc9a346-d072-43ca-bf0c-e385238eb15b","name":"Kyle Tranel","permissionId":2,"statusId":1},"params":{},"query":{},"time":"2022-04-29T14:26:54.026Z","url":"/api/user/","user":"fcc9a346-d072-43ca-bf0c-e385238eb15b"}
{"body":{},"desc":"Status 200 Successful","level":"info","msg":[],"params":{},"query":{},"time":"2022-04-29T14:27:28.432Z","url":"/api/admin/courses/list","user":"fcc9a346-d072-43ca-bf0c-e385238eb15b"}
{"body":{"email":"Adela.Wiegand86@gmail.com"},"desc":"Status 200 Successful","level":"info","msg":"6659d85c-70e2-42f0-9456-8a0cc4242f7a","params":{},"query":{},"time":"2022-04-29T16:09:15.159Z","url":"/api/auth/web-login","user":"6659d85c-70e2-42f0-9456-8a0cc4242f7a"}
{"body":{},"desc":"Status 200 Successful","level":"info","msg":[],"params":{},"query":{},"time":"2022-04-29T16:09:31.564Z","url":"/api/admin/images/new","user":"6659d85c-70e2-42f0-9456-8a0cc4242f7a"}
{"body":{"email":"Lorenza_Lesch86@yahoo.com"},"desc":"Status 200 Successful","level":"info","msg":"b4e13d6b-2ce0-42c7-9d9c-2b9dd5f30d3d","params":{},"query":{},"time":"2022-04-29T16:10:14.059Z","url":"/api/auth/web-login","user":"b4e13d6b-2ce0-42c7-9d9c-2b9dd5f30d3d"}
{"body":{},"desc":"Status 200 Successful","level":"info","msg":[],"params":{},"query":{},"time":"2022-04-29T16:10:14.113Z","url":"/api/admin/images/new","user":"b4e13d6b-2ce0-42c7-9d9c-2b9dd5f30d3d"}
